<?xml version="1.0" encoding="UTF-8"?>
<!-- Generated by org.testng.reporters.JUnitReportReporter -->
<testsuite hostname="HP" failures="0" tests="3" name="rahulshettyacademy.StandAloneTest" time="47.143" errors="0" timestamp="2024-11-03T22:08:03 IST" skipped="0">
  <testcase classname="rahulshettyacademy.StandAloneTest" name="submitOrder" time="19.374"/>
  <system-out/>
  <testcase classname="rahulshettyacademy.StandAloneTest" name="submitOrder" time="15.758"/>
  <system-out/>
  <testcase classname="rahulshettyacademy.StandAloneTest" name="seeOrderHistory" time="12.011"/>
  <system-out/>
</testsuite> <!-- rahulshettyacademy.StandAloneTest -->
